----------------------------- polar20170708_1629.log --------------------------
Yard Polar used for this file:
Duvetica 2017 Aggiornato2
Regatta
TWS_TWA	v1	a1	v2	a2	v3	a3	v4	a4	v5	a5	v6	a6	v7	a7
4	5.00	45.0	5.50	52.0	6.00	75.0	6.00	90.0	6.00	110.0	5.00	135.0	5.00	135.0
6	6.4	40.0	5.98	52.0	6.79	75.0	6.78	90.0	6.76	110.0	5.77	135.0	6.43	141.0
8	7.20	36.0	7.24	52.0	7.85	75.0	7.87	90.0	9.01	110.0	7.30	135.0	7.24	146.0
10	7.76	36.0	7.85	52.0	8.35	75.0	8.38	90.0	8.58	110.0	8.14	135.0	7.70	152.0
12	7.66	36.0	8.06	52.0	8.73	75.0	8.87	90.0	8.95	110.0	8.73	135.0	7.73	155.0
14	7.33	35.0	8.17	52.0	8.98	75.0	9.39	90.0	9.35	110.0	9.45	135.0	8.04	157.0
16	7.33	35.0	8.24	52.0	9.14	75.0	9.79	90.0	9.75	110.0	10.32	135.0	8.52	160.0
20	7.33	35.0	8.42	52.0	9.36	75.0	10.14	90.0	10.73	110.0	12.13	135.0	9.00	165.0
25	7.33	35.0	8.42	52.0	9.42	75.0	11.20	90.0	10.73	110.0	12.13	135.0	9.91	165.0


ESA Real Time Polar Diagram:
Polar dx
TWS	TUBS	TUWA	35 bs	twa	50 bs	twa	65 bs	twa	80 bs	twa	95 bs	twa	110 bs	twa	125 bs	twa	140 bs	twa	155 bs	twa	170 bs	twa	TDBS	TDWA
4	0.00	0	0.00	0	0.00	0	0.00	0	0.00	0	0.00	0	0.00	0	0.00	0	0.00	0	0.00	0	0.00	0	0.00	0
6	5.70	44	0.00	0	5.68	45	6.97	66	7.20	78	0.00	0	0.00	0	0.00	0	6.11	133	0.00	0	0.00	0	6.25	138
8	5.71	37	5.70	37	0.00	0	0.00	0	7.89	84	0.00	0	0.00	0	0.00	0	0.00	0	0.00	0	0.00	0	0.00	0
10	0.00	0	0.00	0	0.00	0	0.00	0	0.00	0	0.00	0	0.00	0	0.00	0	0.00	0	0.00	0	0.00	0	0.00	0
12	0.00	0	0.00	0	0.00	0	0.00	0	0.00	0	0.00	0	0.00	0	0.00	0	0.00	0	0.00	0	0.00	0	0.00	0
14	0.00	0	0.00	0	0.00	0	0.00	0	0.00	0	0.00	0	0.00	0	0.00	0	0.00	0	0.00	0	0.00	0	0.00	0
16	0.00	0	0.00	0	0.00	0	0.00	0	0.00	0	0.00	0	0.00	0	0.00	0	0.00	0	0.00	0	0.00	0	0.00	0
18	0.00	0	0.00	0	0.00	0	0.00	0	0.00	0	0.00	0	0.00	0	0.00	0	0.00	0	0.00	0	0.00	0	0.00	0
20	0.00	0	0.00	0	0.00	0	0.00	0	0.00	0	0.00	0	0.00	0	0.00	0	0.00	0	0.00	0	0.00	0	0.00	0
Polar sx
TWS	TUBS	TUWA	-35 bs	twa	-50 bs	twa	-65 bs	twa	-80 bs	twa	-95 bs	twa	-110 bs	twa	-125 bs	twa	-140 bs	twa	-155 bs	twa	-170 bs	twa	TDBS	TDWA
4	0.00	0	0.00	0	4.69	-48	0.00	0	0.00	0	0.00	0	0.00	0	5.06	-129	0.00	0	0.00	0	0.00	0	0.00	0
6	5.93	-36	6.03	-36	0.00	0	0.00	0	0.00	0	0.00	0	0.00	0	0.00	0	5.43	-135	0.00	0	0.00	0	6.03	-139
8	0.00	0	0.00	0	0.00	0	0.00	0	0.00	0	0.00	0	0.00	0	0.00	0	0.00	0	0.00	0	0.00	0	0.00	0
10	0.00	0	0.00	0	0.00	0	0.00	0	0.00	0	0.00	0	0.00	0	0.00	0	0.00	0	0.00	0	0.00	0	0.00	0
12	0.00	0	0.00	0	0.00	0	0.00	0	0.00	0	0.00	0	0.00	0	0.00	0	0.00	0	0.00	0	0.00	0	0.00	0
14	0.00	0	0.00	0	0.00	0	0.00	0	0.00	0	0.00	0	0.00	0	0.00	0	0.00	0	0.00	0	0.00	0	0.00	0
16	0.00	0	0.00	0	0.00	0	0.00	0	0.00	0	0.00	0	0.00	0	0.00	0	0.00	0	0.00	0	0.00	0	0.00	0
18	0.00	0	0.00	0	0.00	0	0.00	0	0.00	0	0.00	0	0.00	0	0.00	0	0.00	0	0.00	0	0.00	0	0.00	0
20	0.00	0	0.00	0	0.00	0	0.00	0	0.00	0	0.00	0	0.00	0	0.00	0	0.00	0	0.00	0	0.00	0	0.00	0

VMG Points
TWS	TUBS	TUWA	TDBS	TDWA
4	0.00	0.00	0.00	0.00	
5	5.12	45.69	4.95	137.01	
6	5.82	40.13	6.14	138.36	
7	5.93	35.66	0.00	0.00	
8	5.71	38.10	0.00	0.00	
9	0.00	0.00	0.00	0.00	
10	0.00	0.00	0.00	0.00	
12	0.00	0.00	0.00	0.00	
14	0.00	0.00	0.00	0.00	
16	0.00	0.00	0.00	0.00	
18	0.00	0.00	0.00	0.00	
20	0.00	0.00	0.00	0.00	
